<?xml version="1.0" encoding="UTF-8"?>
<!-- Generated by org.testng.reporters.JUnitReportReporter -->
<testsuite skipped="0" hostname="LAPTOP-8LDNGHG4" name="com.sentrifugo.myInfo.testCases.TC_PersonalDetailsTest_003" tests="1" failures="0" timestamp="10 Mar 2020 20:50:20 GMT" time="66.185" errors="0">
  <testcase name="editPersonalDetails" time="66.185" classname="com.sentrifugo.myInfo.testCases.TC_PersonalDetailsTest_003"/>
</testsuite> <!-- com.sentrifugo.myInfo.testCases.TC_PersonalDetailsTest_003 -->
