<?xml version="1.0" encoding="UTF-8"?>
<!-- Generated by org.testng.reporters.JUnitReportReporter -->
<testsuite skipped="0" hostname="LAPTOP-8LDNGHG4" name="com.sentrifugo.myInfo.testCases.TC_LoginTest_001" tests="1" failures="0" timestamp="10 Mar 2020 13:50:45 GMT" time="71.850" errors="0">
  <testcase name="loginTest" time="71.850" classname="com.sentrifugo.myInfo.testCases.TC_LoginTest_001"/>
</testsuite> <!-- com.sentrifugo.myInfo.testCases.TC_LoginTest_001 -->
