<?xml version="1.0" encoding="UTF-8"?>
<!-- Generated by org.testng.reporters.JUnitReportReporter -->
<testsuite skipped="0" hostname="LAPTOP-8LDNGHG4" name="com.sentrifugo.myInfo.testCases.TC_PersonalDetailsTest_003" tests="1" failures="0" timestamp="11 Mar 2020 07:36:33 GMT" time="17.755" errors="0">
  <testcase name="editPersonalDetails" time="17.755" classname="com.sentrifugo.myInfo.testCases.TC_PersonalDetailsTest_003"/>
</testsuite> <!-- com.sentrifugo.myInfo.testCases.TC_PersonalDetailsTest_003 -->
